2021-03-18 12:22:18,459 - EARL - INFO - ~~~ initialising experience replay ~~~
2021-03-18 12:22:18,459 - EARL - INFO - ~~~ initialising simulation: 0~~~
2021-03-18 12:22:18,463 - EARL - INFO - 
                ++++++++++++++++++++++
                Init Belief: [0.5, 0.5]
                Max Play: 60
                ++++++++++++++++++++++
2021-03-18 12:22:19,708 - EARL - INFO - Observation: onotengaged
POMDP would take action: auto
action taken during EXPERIMENT: manu
New Belief: [0.7637231503579952, 0.23627684964200477]
====================
2021-03-18 12:22:20,808 - EARL - INFO - Observation: oengaged
POMDP would take action: auto
action taken during EXPERIMENT: auto
New Belief: [0.4054969551857794, 0.5945030448142207]
====================
2021-03-18 12:22:21,906 - EARL - INFO - Observation: oengaged
POMDP would take action: auto
action taken during EXPERIMENT: manu
New Belief: [0.16973588893219294, 0.8302641110678071]
====================
2021-03-18 12:22:23,019 - EARL - INFO - Observation: oengaged
POMDP would take action: auto
action taken during EXPERIMENT: manu
New Belief: [0.07880742590864297, 0.921192574091357]
====================
2021-03-18 12:22:24,130 - EARL - INFO - Observation: oengaged
POMDP would take action: auto
action taken during EXPERIMENT: auto
New Belief: [0.05124702690149573, 0.9487529730985044]
====================
2021-03-18 12:22:25,237 - EARL - INFO - Observation: oengaged
POMDP would take action: auto
action taken during EXPERIMENT: auto
New Belief: [0.043530696020547446, 0.9564693039794526]
====================
2021-03-18 12:22:26,345 - EARL - INFO - Observation: onotengaged
POMDP would take action: auto
action taken during EXPERIMENT: auto
New Belief: [0.33497765553610837, 0.6650223444638916]
====================
2021-03-18 12:22:27,511 - EARL - INFO - Observation: onotengaged
POMDP would take action: auto
action taken during EXPERIMENT: auto
New Belief: [0.6530148371475976, 0.3469851628524024]
====================
2021-03-18 12:22:28,647 - EARL - INFO - Observation: onotengaged
POMDP would take action: auto
action taken during EXPERIMENT: auto
New Belief: [0.8419752815203325, 0.1580247184796674]
====================
2021-03-18 12:22:29,767 - EARL - INFO - Observation: onotengaged
POMDP would take action: auto
action taken during EXPERIMENT: manu
New Belief: [0.916967492989808, 0.08303250701019209]
====================
2021-03-18 12:22:30,878 - EARL - INFO - Observation: onotengaged
POMDP would take action: auto
action taken during EXPERIMENT: auto
New Belief: [0.9418254956543096, 0.05817450434569043]
====================
2021-03-18 12:22:31,994 - EARL - INFO - Observation: onotengaged
POMDP would take action: auto
action taken during EXPERIMENT: manu
New Belief: [0.9495595380152174, 0.05044046198478256]
====================
2021-03-18 12:22:33,108 - EARL - INFO - Observation: onotengaged
POMDP would take action: auto
action taken during EXPERIMENT: auto
New Belief: [0.9519178408502813, 0.04808215914971869]
====================
2021-03-18 12:22:34,226 - EARL - INFO - Observation: onotengaged
POMDP would take action: auto
action taken during EXPERIMENT: manu
New Belief: [0.952632512596665, 0.04736748740333504]
====================
2021-03-18 12:22:35,343 - EARL - INFO - Observation: oengaged
POMDP would take action: auto
action taken during EXPERIMENT: auto
New Belief: [0.6341679233322284, 0.36583207666777173]
====================
2021-03-18 12:22:36,465 - EARL - INFO - Observation: oengaged
POMDP would take action: auto
action taken during EXPERIMENT: manu
New Belief: [0.30013969113291233, 0.6998603088670877]
====================
2021-03-18 12:22:37,583 - EARL - INFO - Observation: oengaged
POMDP would take action: auto
action taken during EXPERIMENT: manu
New Belief: [0.12503940410063605, 0.8749605958993639]
====================
2021-03-18 12:22:38,702 - EARL - INFO - Observation: oengaged
POMDP would take action: auto
action taken during EXPERIMENT: manu
New Belief: [0.06483659880029406, 0.9351634011997059]
====================
2021-03-18 12:22:39,826 - EARL - INFO - Observation: onotengaged
POMDP would take action: auto
action taken during EXPERIMENT: auto
New Belief: [0.36660402013820736, 0.6333959798617926]
====================
2021-03-18 12:22:40,949 - EARL - INFO - Observation: oengaged
POMDP would take action: auto
action taken during EXPERIMENT: auto
New Belief: [0.1523501978858399, 0.8476498021141601]
====================
2021-03-18 12:22:42,084 - EARL - INFO - Observation: onotengaged
POMDP would take action: auto
action taken during EXPERIMENT: auto
New Belief: [0.47962578888847, 0.5203742111115299]
====================
2021-03-18 12:22:43,232 - EARL - INFO - Observation: oengaged
POMDP would take action: auto
action taken during EXPERIMENT: auto
New Belief: [0.20620175166976698, 0.793798248330233]
====================
2021-03-18 12:22:44,384 - EARL - INFO - Observation: oengaged
POMDP would take action: auto
action taken during EXPERIMENT: auto
New Belief: [0.09086716224475158, 0.9091328377552484]
====================
2021-03-18 12:22:45,619 - EARL - INFO - Observation: onotengaged
POMDP would take action: auto
action taken during EXPERIMENT: manu
New Belief: [0.40288606359976264, 0.5971139364002374]
====================
2021-03-18 12:22:46,758 - EARL - INFO - Observation: onotengaged
POMDP would take action: auto
action taken during EXPERIMENT: auto
New Belief: [0.7026394861675603, 0.2973605138324397]
====================
2021-03-18 12:22:47,892 - EARL - INFO - Observation: oengaged
POMDP would take action: auto
action taken during EXPERIMENT: manu
New Belief: [0.35205115164458517, 0.6479488483554148]
====================
2021-03-18 12:22:49,779 - EARL - INFO - Observation: oengaged
POMDP would take action: auto
action taken during EXPERIMENT: manu
New Belief: [0.14612244952722098, 0.853877550472779]
====================
2021-03-18 12:22:51,879 - EARL - INFO - Observation: oengaged
POMDP would take action: auto
action taken during EXPERIMENT: auto
New Belief: [0.07131985106875315, 0.9286801489312468]
====================
2021-03-18 12:22:53,365 - EARL - INFO - Observation: onotengaged
POMDP would take action: auto
action taken during EXPERIMENT: auto
New Belief: [0.3758741030304301, 0.6241258969695699]
====================
2021-03-18 12:22:54,795 - EARL - INFO - Observation: oengaged
POMDP would take action: auto
action taken during EXPERIMENT: auto
New Belief: [0.15639414995561463, 0.8436058500443855]
====================
2021-03-18 12:22:56,436 - EARL - INFO - Observation: oengaged
POMDP would take action: auto
action taken during EXPERIMENT: auto
New Belief: [0.07454689320288374, 0.9254531067971163]
====================
2021-03-18 12:23:03,640 - EARL - INFO - Observation: oengaged
POMDP would take action: auto
action taken during EXPERIMENT: auto
New Belief: [0.05003600202553289, 0.9499639979744672]
====================
2021-03-18 12:23:06,408 - EARL - INFO - Observation: onotengaged
POMDP would take action: auto
action taken during EXPERIMENT: manu
New Belief: [0.34482854879406694, 0.6551714512059332]
====================
2021-03-18 12:23:08,832 - EARL - INFO - Observation: oengaged
POMDP would take action: auto
action taken during EXPERIMENT: manu
New Belief: [0.14308503955723456, 0.8569149604427654]
====================
2021-03-18 12:23:13,866 - EARL - INFO - Observation: oengaged
POMDP would take action: auto
action taken during EXPERIMENT: manu
New Belief: [0.07037428337116022, 0.9296257166288397]
====================
2021-03-18 12:23:16,077 - EARL - INFO - Observation: oengaged
POMDP would take action: auto
action taken during EXPERIMENT: manu
New Belief: [0.048856487988828246, 0.9511435120111718]
====================
2021-03-18 12:23:19,069 - EARL - INFO - Observation: onotengaged
POMDP would take action: auto
action taken during EXPERIMENT: manu
New Belief: [0.3430553904600397, 0.6569446095399604]
====================
2021-03-18 12:23:21,153 - EARL - INFO - Observation: oengaged
POMDP would take action: auto
action taken during EXPERIMENT: manu
New Belief: [0.14234466897021492, 0.857655331029785]
====================
2021-03-18 12:23:25,224 - EARL - INFO - Observation: onotengaged
POMDP would take action: auto
action taken during EXPERIMENT: auto
New Belief: [0.4679145103067179, 0.5320854896932822]
====================
2021-03-18 12:23:36,146 - EARL - INFO - Observation: oengaged
POMDP would take action: auto
action taken during EXPERIMENT: manu
New Belief: [0.2001243123997843, 0.7998756876002157]
====================
2021-03-18 12:23:40,047 - EARL - INFO - Observation: onotengaged
POMDP would take action: auto
action taken during EXPERIMENT: auto
New Belief: [0.531893990657612, 0.46810600934238794]
====================
2021-03-18 12:23:45,057 - EARL - INFO - Observation: onotengaged
POMDP would take action: auto
action taken during EXPERIMENT: auto
New Belief: [0.7816573143725156, 0.2183426856274843]
====================
2021-03-18 12:23:50,057 - EARL - INFO - Observation: onotengaged
POMDP would take action: auto
action taken during EXPERIMENT: manu
New Belief: [0.8951289859914092, 0.10487101400859074]
====================
2021-03-18 12:23:55,060 - EARL - INFO - Observation: oengaged
POMDP would take action: auto
action taken during EXPERIMENT: auto
New Belief: [0.5516679859844887, 0.44833201401551137]
====================
2021-03-18 12:24:00,057 - EARL - INFO - Observation: onotengaged
POMDP would take action: auto
action taken during EXPERIMENT: manu
New Belief: [0.7923117694100246, 0.20768823058997546]
====================
2021-03-18 12:24:11,463 - EARL - INFO - Observation: onotengaged
POMDP would take action: auto
action taken during EXPERIMENT: auto
New Belief: [0.8991161836952523, 0.10088381630474776]
====================
2021-03-18 12:24:13,241 - EARL - INFO - Observation: onotengaged
POMDP would take action: auto
action taken during EXPERIMENT: auto
New Belief: [0.9361216908345832, 0.06387830916541692]
====================
2021-03-18 12:24:20,729 - EARL - INFO - Observation: oengaged
POMDP would take action: auto
action taken during EXPERIMENT: manu
New Belief: [0.6090272632771652, 0.3909727367228347]
====================
2021-03-18 12:24:22,592 - EARL - INFO - Observation: oengaged
POMDP would take action: auto
action taken during EXPERIMENT: manu
New Belief: [0.2828716771913536, 0.7171283228086464]
====================
2021-03-18 12:24:25,903 - EARL - INFO - Observation: oengaged
POMDP would take action: auto
action taken during EXPERIMENT: auto
New Belief: [0.11839334448812489, 0.8816066555118751]
====================
2021-03-18 12:24:36,067 - EARL - INFO - Observation: oengaged
POMDP would take action: auto
action taken during EXPERIMENT: manu
New Belief: [0.06283099967394658, 0.9371690003260534]
====================
2021-03-18 12:24:41,120 - EARL - INFO - Observation: onotengaged
POMDP would take action: auto
action taken during EXPERIMENT: manu
New Belief: [0.3637037586271556, 0.6362962413728444]
====================
2021-03-18 12:24:52,527 - EARL - INFO - Observation: oengaged
POMDP would take action: auto
action taken during EXPERIMENT: auto
New Belief: [0.15109740596445756, 0.8489025940355425]
====================
2021-03-18 12:24:56,327 - EARL - INFO - Observation: oengaged
POMDP would take action: auto
action taken during EXPERIMENT: manu
New Belief: [0.07287712859293388, 0.9271228714070661]
====================
2021-03-18 12:25:07,520 - EARL - INFO - Observation: oengaged
POMDP would take action: auto
action taken during EXPERIMENT: auto
New Belief: [0.04956322140306389, 0.9504367785969361]
====================
2021-03-18 12:25:09,403 - EARL - INFO - Observation: oengaged
POMDP would take action: auto
action taken during EXPERIMENT: auto
New Belief: [0.04306813196603501, 0.956931868033965]
====================
2021-03-18 12:25:18,676 - EARL - INFO - Observation: onotengaged
POMDP would take action: auto
action taken during EXPERIMENT: manu
New Belief: [0.3342704972915381, 0.6657295027084619]
====================
2021-03-18 12:25:20,391 - EARL - INFO - Observation: oengaged
POMDP would take action: auto
action taken during EXPERIMENT: auto
New Belief: [0.13870708199373954, 0.8612929180062605]
====================
2021-03-18 12:25:23,357 - EARL - INFO - Observation: oengaged
POMDP would take action: auto
action taken during EXPERIMENT: auto
New Belief: [0.06901828801508036, 0.9309817119849196]
====================
2021-03-18 12:25:26,642 - EARL - INFO - Observation: oengaged
POMDP would take action: auto
action taken during EXPERIMENT: auto
New Belief: [0.048474555088016666, 0.9515254449119833]
====================
2021-03-18 12:25:26,643 - EARL - INFO - ~~~ initialising simulation: 1~~~
2021-03-18 12:25:26,646 - EARL - INFO - 
                ++++++++++++++++++++++
                Init Belief: [0.5, 0.5]
                Max Play: 60
                ++++++++++++++++++++++
2021-03-18 12:25:27,791 - EARL - INFO - Observation: onotengaged
POMDP would take action: auto
action taken during EXPERIMENT: manu
New Belief: [0.7637231503579952, 0.23627684964200477]
====================
2021-03-18 12:25:29,837 - EARL - INFO - Observation: oengaged
POMDP would take action: auto
action taken during EXPERIMENT: manu
New Belief: [0.4054969551857794, 0.5945030448142207]
====================
2021-03-18 12:25:31,709 - EARL - INFO - Observation: oengaged
POMDP would take action: auto
action taken during EXPERIMENT: auto
New Belief: [0.16973588893219294, 0.8302641110678071]
====================
2021-03-18 12:25:36,734 - EARL - INFO - Observation: onotengaged
POMDP would take action: auto
action taken during EXPERIMENT: manu
New Belief: [0.49932323813643376, 0.5006767618635664]
====================
2021-03-18 12:25:43,099 - EARL - INFO - Observation: onotengaged
POMDP would take action: auto
action taken during EXPERIMENT: manu
New Belief: [0.7633321374522514, 0.2366678625477486]
====================
2021-03-18 12:25:46,255 - EARL - INFO - Observation: oengaged
POMDP would take action: auto
action taken during EXPERIMENT: manu
New Belief: [0.4051301510304473, 0.5948698489695528]
====================
2021-03-18 12:25:47,368 - EARL - INFO - Observation: onotengaged
POMDP would take action: auto
action taken during EXPERIMENT: manu
New Belief: [0.7041738372288117, 0.2958261627711884]
====================
2021-03-18 12:25:48,505 - EARL - INFO - Observation: onotengaged
POMDP would take action: auto
action taken during EXPERIMENT: auto
New Belief: [0.8642927019320841, 0.13570729806791584]
====================
2021-03-18 12:25:49,639 - EARL - INFO - Observation: oengaged
POMDP would take action: auto
action taken during EXPERIMENT: manu
New Belief: [0.5127068254687847, 0.48729317453121546]
====================
2021-03-18 12:25:50,752 - EARL - INFO - Observation: onotengaged
POMDP would take action: auto
action taken during EXPERIMENT: auto
New Belief: [0.7709827357826448, 0.22901726421735524]
====================
2021-03-18 12:25:51,864 - EARL - INFO - Observation: onotengaged
POMDP would take action: auto
action taken during EXPERIMENT: auto
New Belief: [0.8910757359500765, 0.10892426404992357]
====================
2021-03-18 12:25:52,978 - EARL - INFO - Observation: onotengaged
POMDP would take action: auto
action taken during EXPERIMENT: manu
New Belief: [0.9335104217166721, 0.06648957828332787]
====================
2021-03-18 12:25:54,097 - EARL - INFO - Observation: onotengaged
POMDP would take action: auto
action taken during EXPERIMENT: manu
New Belief: [0.9469989217188102, 0.053001078281189905]
====================
2021-03-18 12:25:55,216 - EARL - INFO - Observation: oengaged
POMDP would take action: auto
action taken during EXPERIMENT: auto
New Belief: [0.6254478823347829, 0.3745521176652172]
====================
2021-03-18 12:25:56,341 - EARL - INFO - Observation: onotengaged
POMDP would take action: auto
action taken during EXPERIMENT: auto
New Belief: [0.8292270942805254, 0.1707729057194746]
====================
2021-03-18 12:25:57,462 - EARL - INFO - Observation: onotengaged
POMDP would take action: auto
action taken during EXPERIMENT: auto
New Belief: [0.9124969332763488, 0.08750306672365117]
====================
2021-03-18 12:25:58,592 - EARL - INFO - Observation: oengaged
POMDP would take action: auto
action taken during EXPERIMENT: manu
New Belief: [0.5751405883093975, 0.42485941169060243]
====================
2021-03-18 12:25:59,730 - EARL - INFO - Observation: oengaged
POMDP would take action: auto
action taken during EXPERIMENT: auto
New Belief: [0.26093102394175793, 0.739068976058242]
====================
2021-03-18 12:26:00,854 - EARL - INFO - Observation: oengaged
POMDP would take action: auto
action taken during EXPERIMENT: auto
New Belief: [0.11019531296356042, 0.8898046870364396]
====================
2021-03-18 12:26:01,986 - EARL - INFO - Observation: onotengaged
POMDP would take action: auto
action taken during EXPERIMENT: auto
New Belief: [0.428289343976156, 0.571710656023844]
====================
2021-03-18 12:26:03,207 - EARL - INFO - Observation: onotengaged
POMDP would take action: auto
action taken during EXPERIMENT: auto
New Belief: [0.7196471510829457, 0.28035284891705425]
====================
2021-03-18 12:26:04,348 - EARL - INFO - Observation: onotengaged
POMDP would take action: auto
action taken during EXPERIMENT: manu
New Belief: [0.8707225138864595, 0.12927748611354056]
====================
2021-03-18 12:26:05,538 - EARL - INFO - Observation: onotengaged
POMDP would take action: auto
action taken during EXPERIMENT: manu
New Belief: [0.9267797301372211, 0.07322026986277877]
====================
2021-03-18 12:26:06,694 - EARL - INFO - Observation: oengaged
POMDP would take action: auto
action taken during EXPERIMENT: auto
New Belief: [0.5953450490418947, 0.40465495095810533]
====================
2021-03-18 12:26:07,830 - EARL - INFO - Observation: oengaged
POMDP would take action: auto
action taken during EXPERIMENT: manu
New Belief: [0.2738354807633264, 0.7261645192366735]
====================
2021-03-18 12:26:08,982 - EARL - INFO - Observation: oengaged
POMDP would take action: auto
action taken during EXPERIMENT: auto
New Belief: [0.11498426681860703, 0.885015733181393]
====================
2021-03-18 12:26:10,116 - EARL - INFO - Observation: oengaged
POMDP would take action: auto
action taken during EXPERIMENT: manu
New Belief: [0.061809177738512126, 0.9381908222614879]
====================
2021-03-18 12:26:11,248 - EARL - INFO - Observation: onotengaged
POMDP would take action: auto
action taken during EXPERIMENT: manu
New Belief: [0.36222012952820937, 0.6377798704717906]
====================
2021-03-18 12:26:12,385 - EARL - INFO - Observation: oengaged
POMDP would take action: auto
action taken during EXPERIMENT: auto
New Belief: [0.1504588015650201, 0.84954119843498]
====================
2021-03-18 12:26:13,534 - EARL - INFO - Observation: oengaged
POMDP would take action: auto
action taken during EXPERIMENT: manu
New Belief: [0.07267663437849983, 0.9273233656215001]
====================
2021-03-18 12:26:14,688 - EARL - INFO - Observation: onotengaged
POMDP would take action: auto
action taken during EXPERIMENT: manu
New Belief: [0.37779402535208645, 0.6222059746479136]
====================
2021-03-18 12:26:15,826 - EARL - INFO - Observation: oengaged
POMDP would take action: auto
action taken during EXPERIMENT: manu
New Belief: [0.15723933055728334, 0.8427606694427167]
====================
2021-03-18 12:26:17,049 - EARL - INFO - Observation: oengaged
POMDP would take action: auto
action taken during EXPERIMENT: auto
New Belief: [0.07481446164221338, 0.9251855383577866]
====================
2021-03-18 12:26:18,195 - EARL - INFO - Observation: onotengaged
POMDP would take action: auto
action taken during EXPERIMENT: manu
New Belief: [0.3808052530835021, 0.619194746916498]
====================
2021-03-18 12:26:19,345 - EARL - INFO - Observation: onotengaged
POMDP would take action: auto
action taken during EXPERIMENT: auto
New Belief: [0.6871975809526945, 0.3128024190473055]
====================
2021-03-18 12:26:20,498 - EARL - INFO - Observation: onotengaged
POMDP would take action: auto
action taken during EXPERIMENT: manu
New Belief: [0.8570715283601393, 0.1429284716398606]
====================
2021-03-18 12:26:21,647 - EARL - INFO - Observation: oengaged
POMDP would take action: auto
action taken during EXPERIMENT: manu
New Belief: [0.5040475153289437, 0.49595248467105635]
====================
2021-03-18 12:26:32,791 - EARL - INFO - Observation: oengaged
POMDP would take action: auto
action taken during EXPERIMENT: manu
New Belief: [0.21929124211607948, 0.7807087578839206]
====================
2021-03-18 12:26:43,997 - EARL - INFO - Observation: oengaged
POMDP would take action: auto
action taken during EXPERIMENT: auto
New Belief: [0.09535088436805893, 0.9046491156319411]
====================
2021-03-18 12:26:47,981 - EARL - INFO - Observation: onotengaged
POMDP would take action: auto
action taken during EXPERIMENT: auto
New Belief: [0.40889119538166135, 0.5911088046183387]
====================
2021-03-18 12:26:59,092 - EARL - INFO - Observation: oengaged
POMDP would take action: auto
action taken during EXPERIMENT: manu
New Belief: [0.17130682357931107, 0.8286931764206888]
====================
2021-03-18 12:27:09,315 - EARL - INFO - Observation: onotengaged
POMDP would take action: auto
action taken during EXPERIMENT: auto
New Belief: [0.5010636552843345, 0.49893634471566545]
====================
2021-03-18 12:27:14,632 - EARL - INFO - Observation: onotengaged
POMDP would take action: auto
action taken during EXPERIMENT: auto
New Belief: [0.764336796975766, 0.235663203024234]
====================
2021-03-18 12:27:16,530 - EARL - INFO - Observation: oengaged
POMDP would take action: auto
action taken during EXPERIMENT: manu
New Belief: [0.40607329746296034, 0.5939267025370397]
====================
2021-03-18 12:27:18,518 - EARL - INFO - Observation: onotengaged
POMDP would take action: auto
action taken during EXPERIMENT: manu
New Belief: [0.7048168113958682, 0.29518318860413184]
====================
2021-03-18 12:27:20,642 - EARL - INFO - Observation: oengaged
POMDP would take action: auto
action taken during EXPERIMENT: manu
New Belief: [0.3538315000298708, 0.6461684999701293]
====================
2021-03-18 12:27:25,082 - EARL - INFO - Observation: oengaged
POMDP would take action: auto
action taken during EXPERIMENT: auto
New Belief: [0.1468765506737226, 0.8531234493262775]
====================
2021-03-18 12:27:26,703 - EARL - INFO - Observation: oengaged
POMDP would take action: auto
action taken during EXPERIMENT: manu
New Belief: [0.07155521882689989, 0.9284447811731001]
====================
2021-03-18 12:27:36,721 - EARL - INFO - Observation: oengaged
POMDP would take action: auto
action taken during EXPERIMENT: manu
New Belief: [0.04918966355165128, 0.9508103364483488]
====================
2021-03-18 12:27:46,048 - EARL - INFO - Observation: oengaged
POMDP would take action: auto
action taken during EXPERIMENT: auto
New Belief: [0.042965646333973, 0.957034353666027]
====================
2021-03-18 12:27:49,383 - EARL - INFO - Observation: oengaged
POMDP would take action: auto
action taken during EXPERIMENT: manu
New Belief: [0.0412653008832014, 0.9587346991167985]
====================
2021-03-18 12:27:51,284 - EARL - INFO - Observation: oengaged
POMDP would take action: auto
action taken during EXPERIMENT: auto
New Belief: [0.04080313647325544, 0.9591968635267446]
====================
2021-03-18 12:27:53,986 - EARL - INFO - Observation: onotengaged
POMDP would take action: auto
action taken during EXPERIMENT: manu
New Belief: [0.33079480607810985, 0.6692051939218902]
====================
2021-03-18 12:27:56,483 - EARL - INFO - Observation: oengaged
POMDP would take action: auto
action taken during EXPERIMENT: auto
New Belief: [0.1372817450191513, 0.8627182549808486]
====================
2021-03-18 12:28:01,637 - EARL - INFO - Observation: onotengaged
POMDP would take action: auto
action taken during EXPERIMENT: manu
New Belief: [0.46187985355063377, 0.5381201464493663]
====================
2021-03-18 12:28:03,140 - EARL - INFO - Observation: oengaged
POMDP would take action: auto
action taken during EXPERIMENT: manu
New Belief: [0.1970413279784165, 0.8029586720215836]
====================
2021-03-18 12:28:06,792 - EARL - INFO - Observation: oengaged
POMDP would take action: auto
action taken during EXPERIMENT: manu
New Belief: [0.08777891982648385, 0.9122210801735161]
====================
2021-03-18 12:28:11,581 - EARL - INFO - Observation: oengaged
POMDP would take action: auto
action taken during EXPERIMENT: auto
New Belief: [0.05381935390457406, 0.9461806460954261]
====================
2021-03-18 12:28:17,502 - EARL - INFO - Observation: onotengaged
POMDP would take action: auto
action taken during EXPERIMENT: manu
New Belief: [0.3504778383407114, 0.6495221616592887]
====================
2021-03-18 12:28:20,770 - EARL - INFO - Observation: oengaged
POMDP would take action: auto
action taken during EXPERIMENT: manu
New Belief: [0.14545782421615108, 0.8545421757838491]
====================
2021-03-18 12:28:20,770 - EARL - INFO - ~~~ initialising simulation: 2~~~
2021-03-18 12:28:20,776 - EARL - INFO - 
                ++++++++++++++++++++++
                Init Belief: [0.5, 0.5]
                Max Play: 60
                ++++++++++++++++++++++
2021-03-18 12:28:21,923 - EARL - INFO - Observation: onotengaged
POMDP would take action: auto
action taken during EXPERIMENT: manu
New Belief: [0.7637231503579952, 0.23627684964200477]
====================
2021-03-18 12:28:24,234 - EARL - INFO - Observation: onotengaged
POMDP would take action: auto
action taken during EXPERIMENT: auto
New Belief: [0.8882850697327261, 0.11171493026727385]
====================
2021-03-18 12:28:25,801 - EARL - INFO - Observation: onotengaged
POMDP would take action: auto
action taken during EXPERIMENT: auto
New Belief: [0.9325978668431792, 0.06740213315682077]
====================
2021-03-18 12:28:29,356 - EARL - INFO - Observation: onotengaged
POMDP would take action: auto
action taken during EXPERIMENT: auto
New Belief: [0.9467162984910584, 0.053283701508941586]
====================
2021-03-18 12:28:34,459 - EARL - INFO - Observation: onotengaged
POMDP would take action: auto
action taken during EXPERIMENT: manu
New Belief: [0.9510534647373673, 0.048946535262632755]
====================
2021-03-18 12:28:36,350 - EARL - INFO - Observation: oengaged
POMDP would take action: auto
action taken during EXPERIMENT: auto
New Belief: [0.6317086053773565, 0.3682913946226435]
====================
2021-03-18 12:28:38,011 - EARL - INFO - Observation: oengaged
POMDP would take action: auto
action taken during EXPERIMENT: auto
New Belief: [0.2984111113155584, 0.7015888886844416]
====================
2021-03-18 12:28:39,571 - EARL - INFO - Observation: oengaged
POMDP would take action: auto
action taken during EXPERIMENT: manu
New Belief: [0.12436619861146263, 0.8756338013885374]
====================
2021-03-18 12:28:41,582 - EARL - INFO - Observation: oengaged
POMDP would take action: auto
action taken during EXPERIMENT: manu
New Belief: [0.0646326240172181, 0.935367375982782]
====================
2021-03-18 12:28:44,689 - EARL - INFO - Observation: oengaged
POMDP would take action: auto
action taken during EXPERIMENT: manu
New Belief: [0.04724388422065991, 0.9527561157793402]
====================
2021-03-18 12:28:46,563 - EARL - INFO - Observation: oengaged
POMDP would take action: auto
action taken during EXPERIMENT: manu
New Belief: [0.042432616623796104, 0.957567383376204]
====================
2021-03-18 12:28:49,775 - EARL - INFO - Observation: oengaged
POMDP would take action: auto
action taken during EXPERIMENT: auto
New Belief: [0.04112031184758935, 0.9588796881524106]
====================
2021-03-18 12:28:52,549 - EARL - INFO - Observation: onotengaged
POMDP would take action: auto
action taken during EXPERIMENT: auto
New Belief: [0.33128282517172075, 0.6687171748282791]
====================
2021-03-18 12:28:54,240 - EARL - INFO - Observation: onotengaged
POMDP would take action: auto
action taken during EXPERIMENT: auto
New Belief: [0.650124566567253, 0.349875433432747]
====================
2021-03-18 12:28:58,655 - EARL - INFO - Observation: oengaged
POMDP would take action: auto
action taken during EXPERIMENT: auto
New Belief: [0.3115715339985967, 0.6884284660014033]
====================
2021-03-18 12:28:59,978 - EARL - INFO - Observation: oengaged
POMDP would take action: auto
action taken during EXPERIMENT: manu
New Belief: [0.12953691777151732, 0.8704630822284826]
====================
2021-03-18 12:29:03,437 - EARL - INFO - Observation: oengaged
POMDP would take action: auto
action taken during EXPERIMENT: manu
New Belief: [0.06620407913158273, 0.9337959208684172]
====================
2021-03-18 12:29:05,761 - EARL - INFO - Observation: oengaged
POMDP would take action: auto
action taken during EXPERIMENT: manu
New Belief: [0.0476840470207482, 0.9523159529792518]
====================
2021-03-18 12:29:10,556 - EARL - INFO - Observation: oengaged
POMDP would take action: auto
action taken during EXPERIMENT: manu
New Belief: [0.042553078872979384, 0.9574469211270206]
====================
2021-03-18 12:29:12,997 - EARL - INFO - Observation: oengaged
POMDP would take action: auto
action taken during EXPERIMENT: manu
New Belief: [0.04115307004445261, 0.9588469299555474]
====================
2021-03-18 12:29:14,695 - EARL - INFO - Observation: oengaged
POMDP would take action: auto
action taken during EXPERIMENT: manu
New Belief: [0.0407726668039585, 0.9592273331960416]
====================
2021-03-18 12:29:16,325 - EARL - INFO - Observation: oengaged
POMDP would take action: auto
action taken during EXPERIMENT: manu
New Belief: [0.04066942325992174, 0.9593305767400783]
====================
2021-03-18 12:29:18,126 - EARL - INFO - Observation: oengaged
POMDP would take action: auto
action taken during EXPERIMENT: manu
New Belief: [0.04064141105657838, 0.9593585889434216]
====================
2021-03-18 12:29:20,125 - EARL - INFO - Observation: oengaged
POMDP would take action: auto
action taken during EXPERIMENT: manu
New Belief: [0.04063381137868135, 0.9593661886213186]
====================
2021-03-18 12:29:23,246 - EARL - INFO - Observation: oengaged
POMDP would take action: auto
action taken during EXPERIMENT: manu
New Belief: [0.040631749641934, 0.959368250358066]
====================
2021-03-18 12:29:26,342 - EARL - INFO - Observation: oengaged
POMDP would take action: auto
action taken during EXPERIMENT: auto
New Belief: [0.040631190311365875, 0.959368809688634]
====================
2021-03-18 12:29:28,378 - EARL - INFO - Observation: oengaged
POMDP would take action: auto
action taken during EXPERIMENT: auto
New Belief: [0.040631038570286174, 0.9593689614297138]
====================
2021-03-18 12:29:39,240 - EARL - INFO - Observation: onotengaged
POMDP would take action: auto
action taken during EXPERIMENT: auto
New Belief: [0.33052983060036367, 0.6694701693996363]
====================
2021-03-18 12:29:40,601 - EARL - INFO - Observation: oengaged
POMDP would take action: auto
action taken during EXPERIMENT: auto
New Belief: [0.13717340097416558, 0.8628265990258345]
====================
2021-03-18 12:29:44,304 - EARL - INFO - Observation: oengaged
POMDP would take action: auto
action taken during EXPERIMENT: manu
New Belief: [0.06854517104307832, 0.9314548289569217]
====================
2021-03-18 12:29:45,627 - EARL - INFO - Observation: oengaged
POMDP would take action: auto
action taken during EXPERIMENT: auto
New Belief: [0.04834145451554253, 0.9516585454844575]
====================
2021-03-18 12:29:49,320 - EARL - INFO - Observation: oengaged
POMDP would take action: auto
action taken during EXPERIMENT: manu
New Belief: [0.04273312279890428, 0.9572668772010957]
====================
2021-03-18 12:29:50,742 - EARL - INFO - Observation: oengaged
POMDP would take action: auto
action taken during EXPERIMENT: manu
New Belief: [0.04120204015092767, 0.9587979598490723]
====================
2021-03-18 12:30:01,975 - EARL - INFO - Observation: oengaged
POMDP would take action: auto
action taken during EXPERIMENT: auto
New Belief: [0.04078596121206356, 0.9592140387879365]
====================
2021-03-18 12:30:05,856 - EARL - INFO - Observation: oengaged
POMDP would take action: auto
action taken during EXPERIMENT: manu
New Belief: [0.040673030588783125, 0.9593269694112168]
====================
2021-03-18 12:30:17,023 - EARL - INFO - Observation: oengaged
POMDP would take action: auto
action taken during EXPERIMENT: manu
New Belief: [0.040642389740452735, 0.9593576102595474]
====================
2021-03-18 12:30:19,308 - EARL - INFO - Observation: onotengaged
POMDP would take action: auto
action taken during EXPERIMENT: auto
New Belief: [0.3305473116272756, 0.6694526883727243]
====================
2021-03-18 12:30:21,022 - EARL - INFO - Observation: oengaged
POMDP would take action: auto
action taken during EXPERIMENT: manu
New Belief: [0.13718054728541462, 0.8628194527145854]
====================
2021-03-18 12:30:23,280 - EARL - INFO - Observation: onotengaged
POMDP would take action: auto
action taken during EXPERIMENT: auto
New Belief: [0.4617584751583684, 0.5382415248416317]
====================
2021-03-18 12:30:24,821 - EARL - INFO - Observation: onotengaged
POMDP would take action: auto
action taken during EXPERIMENT: manu
New Belief: [0.7409045369194697, 0.2590954630805303]
====================
2021-03-18 12:30:29,934 - EARL - INFO - Observation: oengaged
POMDP would take action: auto
action taken during EXPERIMENT: manu
New Belief: [0.38464698074346054, 0.6153530192565395]
====================
2021-03-18 12:30:31,331 - EARL - INFO - Observation: oengaged
POMDP would take action: auto
action taken during EXPERIMENT: auto
New Belief: [0.16027780631313088, 0.8397221936868692]
====================
2021-03-18 12:30:33,824 - EARL - INFO - Observation: oengaged
POMDP would take action: auto
action taken during EXPERIMENT: manu
New Belief: [0.07577897308733289, 0.9242210269126672]
====================
2021-03-18 12:30:36,126 - EARL - INFO - Observation: oengaged
POMDP would take action: auto
action taken during EXPERIMENT: manu
New Belief: [0.05038551785916728, 0.9496144821408328]
====================
2021-03-18 12:30:42,758 - EARL - INFO - Observation: oengaged
POMDP would take action: auto
action taken during EXPERIMENT: auto
New Belief: [0.043293902661934294, 0.9567060973380658]
====================
2021-03-18 12:30:45,883 - EARL - INFO - Observation: oengaged
POMDP would take action: auto
action taken during EXPERIMENT: auto
New Belief: [0.041354638912444765, 0.9586453610875553]
====================
2021-03-18 12:30:47,178 - EARL - INFO - Observation: oengaged
POMDP would take action: auto
action taken during EXPERIMENT: manu
New Belief: [0.04082739407696452, 0.9591726059230355]
====================
2021-03-18 12:30:49,858 - EARL - INFO - Observation: oengaged
POMDP would take action: auto
action taken during EXPERIMENT: manu
New Belief: [0.04068427345112297, 0.959315726548877]
====================
2021-03-18 12:30:55,316 - EARL - INFO - Observation: oengaged
POMDP would take action: auto
action taken during EXPERIMENT: manu
New Belief: [0.04064544000644744, 0.9593545599935526]
====================
2021-03-18 12:30:57,409 - EARL - INFO - Observation: oengaged
POMDP would take action: auto
action taken during EXPERIMENT: auto
New Belief: [0.04063490441129083, 0.9593650955887091]
====================
2021-03-18 12:30:58,923 - EARL - INFO - Observation: oengaged
POMDP would take action: auto
action taken during EXPERIMENT: auto
New Belief: [0.04063204617241222, 0.9593679538275878]
====================
2021-03-18 12:31:00,534 - EARL - INFO - Observation: oengaged
POMDP would take action: auto
action taken during EXPERIMENT: manu
New Belief: [0.04063127075731702, 0.959368729242683]
====================
2021-03-18 12:31:03,154 - EARL - INFO - Observation: oengaged
POMDP would take action: auto
action taken during EXPERIMENT: manu
New Belief: [0.04063106039450326, 0.9593689396054967]
====================
2021-03-18 12:31:04,765 - EARL - INFO - Observation: oengaged
POMDP would take action: auto
action taken during EXPERIMENT: manu
New Belief: [0.040631003325088705, 0.9593689966749113]
====================
2021-03-18 12:31:06,261 - EARL - INFO - Observation: oengaged
POMDP would take action: auto
action taken during EXPERIMENT: auto
New Belief: [0.040630987842706336, 0.9593690121572936]
====================
2021-03-18 12:31:10,459 - EARL - INFO - Observation: onotengaged
POMDP would take action: auto
action taken during EXPERIMENT: manu
New Belief: [0.3305297524776582, 0.6694702475223417]
====================
2021-03-18 12:31:15,126 - EARL - INFO - Observation: onotengaged
POMDP would take action: auto
action taken during EXPERIMENT: manu
New Belief: [0.6495328973300599, 0.35046710266994]
====================
2021-03-18 12:31:26,241 - EARL - INFO - Observation: oengaged
POMDP would take action: auto
action taken during EXPERIMENT: manu
New Belief: [0.31114082370829255, 0.6888591762917075]
====================
2021-03-18 12:31:27,689 - EARL - INFO - Observation: oengaged
POMDP would take action: auto
action taken during EXPERIMENT: manu
New Belief: [0.12936602655135274, 0.8706339734486473]
====================
2021-03-18 12:31:32,425 - EARL - INFO - Observation: onotengaged
POMDP would take action: auto
action taken during EXPERIMENT: manu
New Belief: [0.4522944872836867, 0.5477055127163132]
====================
2021-03-18 12:31:32,425 - EARL - INFO - ~~~ initialising simulation: 3~~~
2021-03-18 12:31:32,431 - EARL - INFO - 
                ++++++++++++++++++++++
                Init Belief: [0.5, 0.5]
                Max Play: 60
                ++++++++++++++++++++++
2021-03-18 12:31:35,737 - EARL - INFO - Observation: onotengaged
POMDP would take action: auto
action taken during EXPERIMENT: manu
New Belief: [0.7637231503579952, 0.23627684964200477]
====================
2021-03-18 12:31:40,844 - EARL - INFO - Observation: oengaged
POMDP would take action: auto
action taken during EXPERIMENT: auto
New Belief: [0.4054969551857794, 0.5945030448142207]
====================
2021-03-18 12:31:49,297 - EARL - INFO - Observation: onotengaged
POMDP would take action: auto
action taken during EXPERIMENT: auto
New Belief: [0.7044240319396734, 0.29557596806032654]
====================
2021-03-18 12:31:50,710 - EARL - INFO - Observation: onotengaged
POMDP would take action: auto
action taken during EXPERIMENT: manu
New Belief: [0.8643978074825829, 0.13560219251741712]
====================
2021-03-18 12:31:54,414 - EARL - INFO - Observation: oengaged
POMDP would take action: auto
action taken during EXPERIMENT: auto
New Belief: [0.5128341109194516, 0.4871658890805485]
====================
2021-03-18 12:32:04,517 - EARL - INFO - Observation: oengaged
POMDP would take action: auto
action taken during EXPERIMENT: manu
New Belief: [0.22414390961396993, 0.7758560903860301]
====================
2021-03-18 12:32:07,982 - EARL - INFO - Observation: oengaged
POMDP would take action: auto
action taken during EXPERIMENT: auto
New Belief: [0.09703474025822226, 0.9029652597417778]
====================
2021-03-18 12:32:13,084 - EARL - INFO - Observation: oengaged
POMDP would take action: auto
action taken during EXPERIMENT: manu
New Belief: [0.056505291045078676, 0.9434947089549214]
====================
2021-03-18 12:32:24,197 - EARL - INFO - Observation: oengaged
POMDP would take action: auto
action taken during EXPERIMENT: manu
New Belief: [0.04498168978320757, 0.9550183102167924]
====================
2021-03-18 12:32:28,203 - EARL - INFO - Observation: oengaged
POMDP would take action: auto
action taken during EXPERIMENT: auto
New Belief: [0.041814579751447464, 0.9581854202485526]
====================
2021-03-18 12:32:39,194 - EARL - INFO - Observation: oengaged
POMDP would take action: auto
action taken during EXPERIMENT: manu
New Belief: [0.04095232389932733, 0.9590476761006728]
====================
2021-03-18 12:32:43,308 - EARL - INFO - Observation: onotengaged
POMDP would take action: auto
action taken during EXPERIMENT: manu
New Belief: [0.33102440511710324, 0.6689755948828968]
====================
2021-03-18 12:32:54,163 - EARL - INFO - Observation: oengaged
POMDP would take action: auto
action taken during EXPERIMENT: manu
New Belief: [0.13737566068726298, 0.8626243393127371]
====================
2021-03-18 12:32:58,401 - EARL - INFO - Observation: onotengaged
POMDP would take action: auto
action taken during EXPERIMENT: auto
New Belief: [0.4619924709747237, 0.5380075290252763]
====================
2021-03-18 12:33:00,388 - EARL - INFO - Observation: oengaged
POMDP would take action: auto
action taken during EXPERIMENT: auto
New Belief: [0.19709856374469373, 0.8029014362553063]
====================
2021-03-18 12:33:03,491 - EARL - INFO - Observation: oengaged
POMDP would take action: auto
action taken during EXPERIMENT: manu
New Belief: [0.087798090848587, 0.9122019091514131]
====================
2021-03-18 12:33:11,067 - EARL - INFO - Observation: oengaged
POMDP would take action: auto
action taken during EXPERIMENT: auto
New Belief: [0.05382488324559535, 0.9461751167544047]
====================
2021-03-18 12:33:16,362 - EARL - INFO - Observation: oengaged
POMDP would take action: auto
action taken during EXPERIMENT: manu
New Belief: [0.04424081405394679, 0.9557591859460532]
====================
2021-03-18 12:33:24,352 - EARL - INFO - Observation: onotengaged
POMDP would take action: auto
action taken during EXPERIMENT: manu
New Belief: [0.33606152325347355, 0.6639384767465264]
====================
2021-03-18 12:33:29,479 - EARL - INFO - Observation: oengaged
POMDP would take action: auto
action taken during EXPERIMENT: manu
New Belief: [0.1394446085697922, 0.8605553914302078]
====================
2021-03-18 12:33:36,001 - EARL - INFO - Observation: oengaged
POMDP would take action: auto
action taken during EXPERIMENT: auto
New Belief: [0.0692461562965409, 0.9307538437034591]
====================
2021-03-18 12:33:37,631 - EARL - INFO - Observation: oengaged
POMDP would take action: auto
action taken during EXPERIMENT: auto
New Belief: [0.04853868985413392, 0.9514613101458661]
====================
2021-03-18 12:33:41,062 - EARL - INFO - Observation: onotengaged
POMDP would take action: auto
action taken during EXPERIMENT: manu
New Belief: [0.3425766706621151, 0.6574233293378848]
====================
2021-03-18 12:33:45,265 - EARL - INFO - Observation: oengaged
POMDP would take action: auto
action taken during EXPERIMENT: auto
New Belief: [0.1421451393471245, 0.8578548606528755]
====================
2021-03-18 12:33:47,655 - EARL - INFO - Observation: oengaged
POMDP would take action: auto
action taken during EXPERIMENT: manu
New Belief: [0.07008248141040081, 0.9299175185895991]
====================
2021-03-18 12:33:50,402 - EARL - INFO - Observation: oengaged
POMDP would take action: auto
action taken during EXPERIMENT: auto
New Belief: [0.048774241349130366, 0.9512257586508696]
====================
2021-03-18 12:33:55,659 - EARL - INFO - Observation: onotengaged
POMDP would take action: auto
action taken during EXPERIMENT: auto
New Belief: [0.3429315368235276, 0.6570684631764724]
====================
2021-03-18 12:34:04,676 - EARL - INFO - Observation: oengaged
POMDP would take action: auto
action taken during EXPERIMENT: manu
New Belief: [0.14229303245851924, 0.8577069675414808]
====================
2021-03-18 12:34:09,762 - EARL - INFO - Observation: oengaged
POMDP would take action: auto
action taken during EXPERIMENT: manu
New Belief: [0.0701283715220562, 0.9298716284779438]
====================
2021-03-18 12:34:11,793 - EARL - INFO - Observation: oengaged
POMDP would take action: auto
action taken during EXPERIMENT: auto
New Belief: [0.048787173759142786, 0.9512128262408572]
====================
2021-03-18 12:34:13,079 - EARL - INFO - Observation: oengaged
POMDP would take action: auto
action taken during EXPERIMENT: manu
New Belief: [0.042855278302175934, 0.9571447216978242]
====================
2021-03-18 12:34:14,877 - EARL - INFO - Observation: oengaged
POMDP would take action: auto
action taken during EXPERIMENT: auto
New Belief: [0.04123527162773882, 0.9587647283722611]
====================
2021-03-18 12:34:18,608 - EARL - INFO - Observation: oengaged
POMDP would take action: auto
action taken during EXPERIMENT: auto
New Belief: [0.04079498337020225, 0.9592050166297976]
====================
2021-03-18 12:34:19,972 - EARL - INFO - Observation: oengaged
POMDP would take action: auto
action taken during EXPERIMENT: auto
New Belief: [0.040675478712509476, 0.9593245212874906]
====================
2021-03-18 12:34:23,209 - EARL - INFO - Observation: onotengaged
POMDP would take action: auto
action taken during EXPERIMENT: auto
New Belief: [0.3305982661788761, 0.6694017338211239]
====================
2021-03-18 12:34:25,103 - EARL - INFO - Observation: onotengaged
POMDP would take action: auto
action taken during EXPERIMENT: auto
New Belief: [0.6495867630125386, 0.3504132369874614]
====================
2021-03-18 12:34:26,458 - EARL - INFO - Observation: oengaged
POMDP would take action: auto
action taken during EXPERIMENT: manu
New Belief: [0.311180013574287, 0.6888199864257131]
====================
2021-03-18 12:34:30,272 - EARL - INFO - Observation: onotengaged
POMDP would take action: auto
action taken during EXPERIMENT: manu
New Belief: [0.6340235204224838, 0.3659764795775161]
====================
2021-03-18 12:34:32,680 - EARL - INFO - Observation: oengaged
POMDP would take action: auto
action taken during EXPERIMENT: auto
New Belief: [0.3000379526296647, 0.6999620473703352]
====================
2021-03-18 12:34:34,071 - EARL - INFO - Observation: oengaged
POMDP would take action: auto
action taken during EXPERIMENT: auto
New Belief: [0.12499973203474558, 0.8750002679652543]
====================
2021-03-18 12:34:35,469 - EARL - INFO - Observation: oengaged
POMDP would take action: auto
action taken during EXPERIMENT: auto
New Belief: [0.06482457339924713, 0.9351754266007529]
====================
2021-03-18 12:34:39,305 - EARL - INFO - Observation: onotengaged
POMDP would take action: auto
action taken during EXPERIMENT: manu
New Belief: [0.36658667665511263, 0.6334133233448874]
====================
2021-03-18 12:34:40,616 - EARL - INFO - Observation: oengaged
POMDP would take action: auto
action taken during EXPERIMENT: manu
New Belief: [0.15234268877889295, 0.847657311221107]
====================
2021-03-18 12:34:42,169 - EARL - INFO - Observation: oengaged
POMDP would take action: auto
action taken during EXPERIMENT: manu
New Belief: [0.07326860081989509, 0.9267313991801048]
====================
2021-03-18 12:34:45,832 - EARL - INFO - Observation: onotengaged
POMDP would take action: auto
action taken during EXPERIMENT: manu
New Belief: [0.37862953719974013, 0.6213704628002599]
====================
2021-03-18 12:34:47,510 - EARL - INFO - Observation: oengaged
POMDP would take action: auto
action taken during EXPERIMENT: manu
New Belief: [0.15760796296444166, 0.8423920370355584]
====================
2021-03-18 12:34:50,961 - EARL - INFO - Observation: oengaged
POMDP would take action: auto
action taken during EXPERIMENT: auto
New Belief: [0.07493126169618519, 0.9250687383038148]
====================
2021-03-18 12:34:55,196 - EARL - INFO - Observation: onotengaged
POMDP would take action: auto
action taken during EXPERIMENT: auto
New Belief: [0.38096928317996126, 0.6190307168200387]
====================
2021-03-18 12:34:56,691 - EARL - INFO - Observation: onotengaged
POMDP would take action: auto
action taken during EXPERIMENT: manu
New Belief: [0.6873146517311223, 0.3126853482688777]
====================
2021-03-18 12:35:01,800 - EARL - INFO - Observation: onotengaged
POMDP would take action: auto
action taken during EXPERIMENT: manu
New Belief: [0.857121938445921, 0.14287806155407903]
====================
2021-03-18 12:35:04,292 - EARL - INFO - Observation: onotengaged
POMDP would take action: auto
action taken during EXPERIMENT: auto
New Belief: [0.9221830694647695, 0.07781693053523049]
====================
2021-03-18 12:35:05,567 - EARL - INFO - Observation: oengaged
POMDP would take action: auto
action taken during EXPERIMENT: manu
New Belief: [0.5887503073680442, 0.41124969263195593]
====================
2021-03-18 12:35:06,914 - EARL - INFO - Observation: oengaged
POMDP would take action: auto
action taken during EXPERIMENT: auto
New Belief: [0.26956703019774436, 0.7304329698022557]
====================
2021-03-18 12:35:11,343 - EARL - INFO - Observation: oengaged
POMDP would take action: auto
action taken during EXPERIMENT: manu
New Belief: [0.11338996125184544, 0.8866100387481546]
====================
2021-03-18 12:35:12,586 - EARL - INFO - Observation: onotengaged
POMDP would take action: auto
action taken during EXPERIMENT: manu
New Belief: [0.4323696631765073, 0.5676303368234926]
====================
2021-03-18 12:35:14,359 - EARL - INFO - Observation: oengaged
POMDP would take action: auto
action taken during EXPERIMENT: manu
New Belief: [0.1824223281307621, 0.8175776718692379]
====================
2021-03-18 12:35:15,624 - EARL - INFO - Observation: oengaged
POMDP would take action: auto
action taken during EXPERIMENT: manu
New Belief: [0.0829328430489696, 0.9170671569510304]
====================
2021-03-18 12:35:16,830 - EARL - INFO - Observation: onotengaged
POMDP would take action: auto
action taken during EXPERIMENT: manu
New Belief: [0.3920876337058173, 0.6079123662941827]
====================
2021-03-18 12:35:18,184 - EARL - INFO - Observation: oengaged
POMDP would take action: auto
action taken during EXPERIMENT: auto
New Belief: [0.16361574837003712, 0.8363842516299629]
====================
2021-03-18 12:35:21,827 - EARL - INFO - Observation: onotengaged
POMDP would take action: auto
action taken during EXPERIMENT: auto
New Belief: [0.49248136278191873, 0.5075186372180812]
====================
